m =  91 
n =  42 
IGRAPH 4abfad3 UN-B 133 281 -- 
+ attr: name (v/c), type (v/l)
   Min. 1st Qu.  Median    Mean 3rd Qu.    Max. 
  1.000   1.000   2.000   3.088   3.000  22.000 
   Min. 1st Qu.  Median    Mean 3rd Qu.    Max. 
   1.00    2.00    5.00    6.69   10.00   25.00 
IGRAPH 4abfad3 UN-B 133 281 -- 
+ attr: name (v/c), type (v/l)
+ edges from 4abfad3 (vertex names):
  [1] --V5  --V6  --V10 --V14 --V16 --V19 --V5  --V29 --V6  --V16 --V5  --V16
 [13] --V21 --V12 --V13 --V5  --V1  --V3  --V5  --V6  --V7  --V9  --V10 --V12
 [25] --V15 --V16 --V22 --V6  --V7  --V9  --V10 --V12 --V12 --V5  --V24 --V5 
 [37] --V3  --V7  --V8  --V9  --V10 --V12 --V17 --V21 --V8  --V16 --V5  --V6 
 [49] --V7  --V9  --V36 --V1  --V3  --V5  --V6  --V7  --V9  --V12 --V14 --V15
 [61] --V16 --V17 --V21 --V23 --V16 --V3  --V6  --V7  --V14 --V16 --V3  --V10
 [73] --V8  --V21 --V21 --V22 --V36 --V2  --V3  --V5  --V6  --V7  --V9  --V14
 [85] --V15 --V16 --V17 --V23 --V24 --V17 --V2  --V17 --V20 --V3  --V8  --V9 
+ ... omitted several edges
IGRAPH 4abfad3 UN-B 133 281 -- 
+ attr: name (v/c), type (v/l), outcome (v/l), binattr (v/l), catattr
| (v/n), conattr (v/n)
+ edges from 4abfad3 (vertex names):
 [1] --V5  --V6  --V10 --V14 --V16 --V19 --V5  --V29 --V6  --V16 --V5  --V16
[13] --V21 --V12 --V13 --V5  --V1  --V3  --V5  --V6  --V7  --V9  --V10 --V12
[25] --V15 --V16 --V22 --V6  --V7  --V9  --V10 --V12 --V12 --V5  --V24 --V5 
[37] --V3  --V7  --V8  --V9  --V10 --V12 --V17 --V21 --V8  --V16 --V5  --V6 
[49] --V7  --V9  --V36 --V1  --V3  --V5  --V6  --V7  --V9  --V12 --V14 --V15
[61] --V16 --V17 --V21 --V23 --V16 --V3  --V6  --V7  --V14 --V16 --V3  --V10
[73] --V8  --V21 --V21 --V22 --V36 --V2  --V3  --V5  --V6  --V7  --V9  --V14
+ ... omitted several edges
null device 
          1 
